<?xml version="1.0" encoding="UTF-8"?>
<testng-results ignored="0" total="1" passed="1" failed="0" skipped="0">
  <reporter-output>
  </reporter-output>
  <suite started-at="2023-10-11T23:55:53 IST" name="Default suite" finished-at="2023-10-11T23:56:04 IST" duration-ms="10813">
    <groups>
    </groups>
    <test started-at="2023-10-11T23:55:53 IST" name="Default test" finished-at="2023-10-11T23:56:04 IST" duration-ms="10813">
      <class name="com.dru.Baseclass">
        <test-method signature="initiliaze()[pri:0, instance:com.dru.Baseclass@333291e3]" started-at="2023-10-11T23:55:53 IST" name="initiliaze" finished-at="2023-10-11T23:56:04 IST" duration-ms="10766" status="PASS">
          <reporter-output>
          </reporter-output>
        </test-method> <!-- initiliaze -->
      </class> <!-- com.dru.Baseclass -->
    </test> <!-- Default test -->
  </suite> <!-- Default suite -->
</testng-results>
